Determining if the pthread_create exist failed with the following output:
Change Dir: /data/scratch/belgacem_nedjima/tiramisu_fork/tiramisu/build/CMakeFiles/CMakeTmp

Run Build Command:"/usr/bin/make" "cmTC_02574/fast"
/usr/bin/make -f CMakeFiles/cmTC_02574.dir/build.make CMakeFiles/cmTC_02574.dir/build
make[1]: Entering directory '/data/scratch/belgacem_nedjima/tiramisu_fork/tiramisu/build/CMakeFiles/CMakeTmp'
Building C object CMakeFiles/cmTC_02574.dir/CheckSymbolExists.c.o
/usr/bin/cc    -fPIC    -o CMakeFiles/cmTC_02574.dir/CheckSymbolExists.c.o   -c /data/scratch/belgacem_nedjima/tiramisu_fork/tiramisu/build/CMakeFiles/CMakeTmp/CheckSymbolExists.c
Linking C executable cmTC_02574
/usr/bin/cmake -E cmake_link_script CMakeFiles/cmTC_02574.dir/link.txt --verbose=1
/usr/bin/cc  -fPIC     CMakeFiles/cmTC_02574.dir/CheckSymbolExists.c.o  -o cmTC_02574 
CMakeFiles/cmTC_02574.dir/CheckSymbolExists.c.o: In function `main':
CheckSymbolExists.c:(.text+0x1b): undefined reference to `pthread_create'
collect2: error: ld returned 1 exit status
CMakeFiles/cmTC_02574.dir/build.make:97: recipe for target 'cmTC_02574' failed
make[1]: *** [cmTC_02574] Error 1
make[1]: Leaving directory '/data/scratch/belgacem_nedjima/tiramisu_fork/tiramisu/build/CMakeFiles/CMakeTmp'
Makefile:126: recipe for target 'cmTC_02574/fast' failed
make: *** [cmTC_02574/fast] Error 2

File /data/scratch/belgacem_nedjima/tiramisu_fork/tiramisu/build/CMakeFiles/CMakeTmp/CheckSymbolExists.c:
/* */
#include <pthread.h>

int main(int argc, char** argv)
{
  (void)argv;
#ifndef pthread_create
  return ((int*)(&pthread_create))[argc];
#else
  (void)argc;
  return 0;
#endif
}

Determining if the function pthread_create exists in the pthreads failed with the following output:
Change Dir: /data/scratch/belgacem_nedjima/tiramisu_fork/tiramisu/build/CMakeFiles/CMakeTmp

Run Build Command:"/usr/bin/make" "cmTC_fb143/fast"
/usr/bin/make -f CMakeFiles/cmTC_fb143.dir/build.make CMakeFiles/cmTC_fb143.dir/build
make[1]: Entering directory '/data/scratch/belgacem_nedjima/tiramisu_fork/tiramisu/build/CMakeFiles/CMakeTmp'
Building C object CMakeFiles/cmTC_fb143.dir/CheckFunctionExists.c.o
/usr/bin/cc    -fPIC -DCHECK_FUNCTION_EXISTS=pthread_create   -o CMakeFiles/cmTC_fb143.dir/CheckFunctionExists.c.o   -c /usr/share/cmake-3.5/Modules/CheckFunctionExists.c
Linking C executable cmTC_fb143
/usr/bin/cmake -E cmake_link_script CMakeFiles/cmTC_fb143.dir/link.txt --verbose=1
/usr/bin/cc  -fPIC -DCHECK_FUNCTION_EXISTS=pthread_create    CMakeFiles/cmTC_fb143.dir/CheckFunctionExists.c.o  -o cmTC_fb143 -lpthreads 
/usr/bin/ld: cannot find -lpthreads
collect2: error: ld returned 1 exit status
CMakeFiles/cmTC_fb143.dir/build.make:97: recipe for target 'cmTC_fb143' failed
make[1]: *** [cmTC_fb143] Error 1
make[1]: Leaving directory '/data/scratch/belgacem_nedjima/tiramisu_fork/tiramisu/build/CMakeFiles/CMakeTmp'
Makefile:126: recipe for target 'cmTC_fb143/fast' failed
make: *** [cmTC_fb143/fast] Error 2


